<?xml version="1.0" encoding="UTF-8"?>
<coverage generated="1681149763412" clover="3.2.0">
  <project timestamp="1681149763412" name="All files">
    <metrics statements="16" coveredstatements="15" conditionals="8" coveredconditionals="8" methods="8" coveredmethods="6" elements="32" coveredelements="29" complexity="0" loc="16" ncloc="16" packages="1" files="1" classes="1"/>
    <file name="func.js" path="/home/shalenyj/Hillel/hillel-front-end-pro-24-11/lab-unit-tests/func.js">
      <metrics statements="16" coveredstatements="15" conditionals="8" coveredconditionals="8" methods="8" coveredmethods="6"/>
      <line num="1" count="2" type="stmt"/>
      <line num="3" count="1" type="stmt"/>
      <line num="4" count="4" type="cond" truecount="4" falsecount="0"/>
      <line num="5" count="1" type="stmt"/>
      <line num="7" count="3" type="cond" truecount="2" falsecount="0"/>
      <line num="8" count="1" type="stmt"/>
      <line num="11" count="2" type="stmt"/>
      <line num="14" count="1" type="stmt"/>
      <line num="17" count="0" type="stmt"/>
      <line num="20" count="1" type="stmt"/>
      <line num="21" count="1" type="stmt"/>
      <line num="22" count="1" type="stmt"/>
      <line num="23" count="1" type="stmt"/>
      <line num="26" count="5" type="cond" truecount="2" falsecount="0"/>
      <line num="29" count="1" type="stmt"/>
      <line num="34" count="1" type="stmt"/>
    </file>
  </project>
</coverage>
