TN:
SF:func.js
FN:1,(anonymous_0)
FN:3,(anonymous_1)
FN:16,(anonymous_2)
FN:17,(anonymous_3)
FN:19,(anonymous_4)
FN:25,(anonymous_5)
FN:28,(anonymous_6)
FN:29,(anonymous_7)
FNF:8
FNH:6
FNDA:2,(anonymous_0)
FNDA:4,(anonymous_1)
FNDA:0,(anonymous_2)
FNDA:0,(anonymous_3)
FNDA:1,(anonymous_4)
FNDA:5,(anonymous_5)
FNDA:1,(anonymous_6)
FNDA:1,(anonymous_7)
DA:1,2
DA:3,1
DA:4,4
DA:5,1
DA:7,3
DA:8,1
DA:11,2
DA:14,1
DA:17,0
DA:20,1
DA:21,1
DA:22,1
DA:23,1
DA:26,5
DA:29,1
DA:34,1
LF:16
LH:15
BRDA:4,0,0,1
BRDA:4,0,1,3
BRDA:4,1,0,4
BRDA:4,1,1,4
BRDA:7,2,0,1
BRDA:7,2,1,2
BRDA:26,3,0,5
BRDA:26,3,1,4
BRF:8
BRH:8
end_of_record
